<?xml version="1.0" encoding="UTF-8"?>
<testsuites name="jest tests" tests="4" failures="0" time="0.516">
  <testsuite name="Button tests" errors="0" failures="0" skipped="0" timestamp="2023-03-15T10:57:30" time="0.503" tests="4">
    <testcase classname="Button tests" name="Dodano poprawnie komponent SquareOrCircle" time="0">
    </testcase>
    <testcase classname="Button tests" name="SquareOrCircle ma domyślnie szerokość 200px" time="0.001">
    </testcase>
    <testcase classname="Button tests" name="SquareOrCircle ma domyślnie wysokość 200px" time="0">
    </testcase>
    <testcase classname="Button tests" name="Dodano parametr który przy wartości true sprawia, że element staje się okręgiem" time="0">
    </testcase>
  </testsuite>
</testsuites>